<?xml version="1.0" encoding="UTF-8"?>
<!-- Generated by org.testng.reporters.JUnitReportReporter -->
<testsuite hostname="TJ-LP-227" failures="0" tests="2" name="testNG.AnnotationsExample2" time="0.009" errors="0" timestamp="14 Apr 2025 14:36:57 GMT" skipped="0">
  <testcase classname="testNG.AnnotationsExample2" name="test3" time="0.008"/>
  <testcase classname="testNG.AnnotationsExample2" name="test4" time="0.001"/>
</testsuite> <!-- testNG.AnnotationsExample2 -->
