<?xml version="1.0" encoding="UTF-8"?>
<!-- Generated by org.testng.reporters.JUnitReportReporter -->
<testsuite hostname="TJ-LP-227" failures="0" tests="1" name="swagLab_test.ProductTest" time="12.154" errors="0" timestamp="14 Apr 2025 14:45:08 GMT" skipped="0">
  <testcase classname="swagLab_test.ProductTest" name="AddToCardTest" time="12.154"/>
</testsuite> <!-- swagLab_test.ProductTest -->
