<?xml version="1.0" encoding="UTF-8"?>
<!-- Generated by org.testng.reporters.JUnitReportReporter -->
<testsuite hostname="TJ-LP-227" failures="0" tests="3" name="swagLab_test.LoginTest" time="16.942" errors="0" timestamp="14 Apr 2025 14:38:16 GMT" skipped="0">
  <testcase classname="swagLab_test.LoginTest" name="LockedUserFailure" time="6.296"/>
  <testcase classname="swagLab_test.LoginTest" name="LoginSuccessTest" time="5.224"/>
  <testcase classname="swagLab_test.LoginTest" name="LoginFailureTest" time="5.422"/>
</testsuite> <!-- swagLab_test.LoginTest -->
